/usr/local/lib/python3.10/dist-packages/transformer_engine/pytorch/attention.py:108: UserWarning: To use flash-attn v3, please use the following commands to install: 
(1) pip install "git+https://github.com/Dao-AILab/flash-attention.git#egg=flashattn-hopper&subdirectory=hopper" 
(2) python_path=`python -c "import site; print(site.getsitepackages()[0])"` 
(3) mkdir -p $python_path/flashattn_hopper 
(4) wget -P $python_path/flashattn_hopper https://raw.githubusercontent.com/Dao-AILab/flash-attention/main/hopper/flash_attn_interface.py
  warnings.warn(
[01-20 01:28:31|INFO|cosmos1/utils/misc.py:106:set_random_seed] Using random seed 1.
/usr/local/lib/python3.10/dist-packages/transformers/tokenization_utils_base.py:1617: FutureWarning: `clean_up_tokenization_spaces` was not set. It will be set to `True` by default. This behavior will be deprecated in transformers v4.45, and will be then set to `False` by default. For more details check this issue: https://github.com/huggingface/transformers/issues/31884
  warnings.warn(
Loading checkpoint shards:   0%|          | 0/3 [00:00<?, ?it/s]Loading checkpoint shards:  33%|███▎      | 1/3 [00:13<00:26, 13.37s/it]Loading checkpoint shards:  67%|██████▋   | 2/3 [00:27<00:13, 13.59s/it]Loading checkpoint shards: 100%|██████████| 3/3 [00:37<00:00, 11.96s/it]Loading checkpoint shards: 100%|██████████| 3/3 [00:37<00:00, 12.38s/it]
/usr/local/lib/python3.10/dist-packages/torchvision/models/_utils.py:208: UserWarning: The parameter 'pretrained' is deprecated since 0.13 and may be removed in the future, please use 'weights' instead.
  warnings.warn(
/usr/local/lib/python3.10/dist-packages/torchvision/models/_utils.py:223: UserWarning: Arguments other than a weight enum or `None` for 'weights' are deprecated since 0.13 and may be removed in the future. The current behavior is equivalent to passing `weights=None`.
  warnings.warn(msg)
/usr/local/lib/python3.10/dist-packages/torch/serialization.py:1243: UserWarning: 'torch.load' received a zip file that looks like a TorchScript archive dispatching to 'torch.jit.load' (call 'torch.jit.load' directly to silence this warning)
  warnings.warn(
[01-20 01:29:51|INFO|cosmos1/models/diffusion/inference/text2world.py:113:demo] Reading batch inputs from path: cosmos1/models/diffusion/assets/v1p0/batch_inputs/text2world.jsonl
[01-20 01:29:51|INFO|cosmos1/models/diffusion/inference/world_generation_pipeline.py:317:generate] Run with prompt: A tugger train glides smoothly through the factory floor. Its trailers are filled with a mix of neatly arranged crates and humanoid robots, each securely positioned and ready for delivery. The robots, sleek and functional in design, sit upright alongside the crates, emphasizing their integration into the production process. The train moves along a marked path, highlighting the organized and efficient flow of materials and automation in the bustling environment. The crates appear carefully packed, and the robots’ purposeful placement suggests their importance in streamlining operations.
[01-20 01:29:51|INFO|cosmos1/models/diffusion/inference/world_generation_pipeline.py:318:generate] Run with negative prompt: The video captures a series of frames showing ugly scenes, static with no motion, motion blur, over-saturation, shaky footage, low resolution, grainy texture, pixelated images, poorly lit areas, underexposed and overexposed scenes, poor color balance, washed out colors, choppy sequences, jerky movements, low frame rate, artifacting, color banding, unnatural transitions, outdated special effects, fake elements, unconvincing visuals, poorly edited content, jump cuts, visual noise, and flickering. Overall, the video is of poor quality.
[01-20 01:29:51|INFO|cosmos1/models/diffusion/inference/world_generation_pipeline.py:319:generate] Run with prompt upsampler: True
[01-20 01:29:51|INFO|cosmos1/models/diffusion/inference/world_generation_pipeline.py:322:generate] Run guardrail on prompt
[01-20 01:30:02|INFO|cosmos1/models/diffusion/inference/world_generation_pipeline.py:327:generate] Pass guardrail on prompt
[01-20 01:30:02|INFO|cosmos1/models/diffusion/inference/world_generation_pipeline.py:333:generate] Run prompt upsampler on prompt
/usr/lib/python3.10/contextlib.py:103: FutureWarning: `torch.backends.cuda.sdp_kernel()` is deprecated. In the future, this context manager will be removed. Please see `torch.nn.attention.sdpa_kernel()` for the new context manager, with updated signature.
  self.gen = func(*args, **kwds)
[01-20 01:32:50|INFO|cosmos1/models/diffusion/inference/world_generation_pipeline.py:175:_run_prompt_upsampler_on_prompt] Upsampled prompt: In the heart of a bustling factory, a sleek, automated tugger train glides effortlessly along a meticulously marked path, embodying the essence of modern industrial efficiency. The train, a harmonious blend of robust design and advanced technology, is composed of multiple trailers, each adorned with a striking red and white color scheme that contrasts beautifully with the pristine factory floor. The trailers are thoughtfully arranged, showcasing a mix of neatly stacked crates and upright humanoid robots, their metallic surfaces gleaming under the bright, overhead lights. The robots, poised and ready for action, are positioned alongside the crates, emphasizing their integral role in the production process. As the train moves forward, the camera captures the dynamic interplay of machinery and human ingenuity, with the robots’ purposeful alignment suggesting a seamless integration into the workflow. The scene is bathed in a warm, inviting glow, highlighting the factory’s cleanliness and the meticulous organization of its operations, creating a captivating visual narrative of industrial innovation.
[01-20 01:32:50|INFO|cosmos1/models/diffusion/inference/world_generation_pipeline.py:336:generate] Run guardrail on upsampled prompt
